<?xml version="1.0" encoding="UTF-8"?>
<coverage generated="1782018075711" clover="3.2.0">
  <project timestamp="1782018075712" name="All files">
    <metrics statements="138" coveredstatements="136" conditionals="33" coveredconditionals="32" methods="13" coveredmethods="13" elements="184" coveredelements="181" complexity="0" loc="138" ncloc="138" packages="1" files="4" classes="4"/>
    <file name="calculator.ts" path="C:\Users\rajes\OneDrive\Desktop\prompt wars\backend\src\calculator.ts">
      <metrics statements="64" coveredstatements="62" conditionals="24" coveredconditionals="23" methods="2" coveredmethods="2"/>
      <line num="30" count="3" type="stmt"/>
      <line num="38" count="3" type="stmt"/>
      <line num="44" count="3" type="stmt"/>
      <line num="58" count="3" type="stmt"/>
      <line num="65" count="3" type="stmt"/>
      <line num="70" count="3" type="stmt"/>
      <line num="83" count="3" type="stmt"/>
      <line num="85" count="21" type="stmt"/>
      <line num="86" count="21" type="stmt"/>
      <line num="87" count="21" type="stmt"/>
      <line num="89" count="21" type="stmt"/>
      <line num="90" count="21" type="stmt"/>
      <line num="91" count="21" type="stmt"/>
      <line num="92" count="21" type="stmt"/>
      <line num="95" count="21" type="stmt"/>
      <line num="98" count="21" type="stmt"/>
      <line num="99" count="21" type="stmt"/>
      <line num="100" count="21" type="stmt"/>
      <line num="101" count="21" type="stmt"/>
      <line num="104" count="21" type="stmt"/>
      <line num="107" count="21" type="stmt"/>
      <line num="110" count="21" type="cond" truecount="4" falsecount="0"/>
      <line num="112" count="7" type="stmt"/>
      <line num="113" count="7" type="stmt"/>
      <line num="122" count="7" type="stmt"/>
      <line num="123" count="7" type="stmt"/>
      <line num="132" count="7" type="cond" truecount="0" falsecount="1"/>
      <line num="133" count="0" type="stmt"/>
      <line num="134" count="0" type="stmt"/>
      <line num="142" count="14" type="cond" truecount="5" falsecount="0"/>
      <line num="143" count="1" type="stmt"/>
      <line num="144" count="1" type="stmt"/>
      <line num="151" count="13" type="cond" truecount="4" falsecount="0"/>
      <line num="152" count="1" type="stmt"/>
      <line num="153" count="1" type="stmt"/>
      <line num="163" count="21" type="cond" truecount="1" falsecount="0"/>
      <line num="164" count="11" type="stmt"/>
      <line num="165" count="11" type="stmt"/>
      <line num="173" count="21" type="cond" truecount="1" falsecount="0"/>
      <line num="174" count="8" type="stmt"/>
      <line num="175" count="8" type="stmt"/>
      <line num="185" count="21" type="cond" truecount="2" falsecount="0"/>
      <line num="186" count="2" type="stmt"/>
      <line num="187" count="2" type="stmt"/>
      <line num="194" count="2" type="stmt"/>
      <line num="195" count="2" type="stmt"/>
      <line num="202" count="19" type="cond" truecount="2" falsecount="0"/>
      <line num="203" count="9" type="stmt"/>
      <line num="204" count="9" type="stmt"/>
      <line num="211" count="9" type="stmt"/>
      <line num="212" count="9" type="stmt"/>
      <line num="219" count="10" type="cond" truecount="2" falsecount="0"/>
      <line num="220" count="3" type="stmt"/>
      <line num="221" count="3" type="stmt"/>
      <line num="228" count="3" type="stmt"/>
      <line num="229" count="3" type="stmt"/>
      <line num="236" count="7" type="cond" truecount="1" falsecount="0"/>
      <line num="237" count="6" type="stmt"/>
      <line num="238" count="6" type="stmt"/>
      <line num="248" count="21" type="cond" truecount="1" falsecount="0"/>
      <line num="249" count="18" type="stmt"/>
      <line num="251" count="18" type="stmt"/>
      <line num="261" count="123" type="stmt"/>
      <line num="263" count="21" type="stmt"/>
    </file>
    <file name="carbonEngine.ts" path="C:\Users\rajes\OneDrive\Desktop\prompt wars\backend\src\carbonEngine.ts">
      <metrics statements="34" coveredstatements="34" conditionals="4" coveredconditionals="4" methods="6" coveredmethods="6"/>
      <line num="9" count="2" type="stmt"/>
      <line num="44" count="2" type="stmt"/>
      <line num="45" count="6" type="stmt"/>
      <line num="53" count="8" type="stmt"/>
      <line num="54" count="8" type="stmt"/>
      <line num="61" count="2" type="stmt"/>
      <line num="68" count="2" type="stmt"/>
      <line num="81" count="2" type="stmt"/>
      <line num="105" count="2" type="stmt"/>
      <line num="109" count="6" type="stmt"/>
      <line num="124" count="12" type="stmt"/>
      <line num="127" count="12" type="stmt"/>
      <line num="130" count="12" type="cond" truecount="1" falsecount="0"/>
      <line num="131" count="3" type="stmt"/>
      <line num="133" count="12" type="cond" truecount="1" falsecount="0"/>
      <line num="134" count="3" type="stmt"/>
      <line num="138" count="12" type="stmt"/>
      <line num="143" count="12" type="stmt"/>
      <line num="144" count="12" type="stmt"/>
      <line num="145" count="64" type="stmt"/>
      <line num="147" count="12" type="stmt"/>
      <line num="149" count="12" type="stmt"/>
      <line num="153" count="12" type="stmt"/>
      <line num="157" count="12" type="stmt"/>
      <line num="173" count="5" type="stmt"/>
      <line num="174" count="5" type="stmt"/>
      <line num="175" count="5" type="stmt"/>
      <line num="176" count="5" type="stmt"/>
      <line num="178" count="5" type="cond" truecount="2" falsecount="0"/>
      <line num="179" count="5" type="stmt"/>
      <line num="182" count="5" type="stmt"/>
      <line num="188" count="5" type="stmt"/>
      <line num="193" count="2" type="stmt"/>
      <line num="194" count="2" type="stmt"/>
    </file>
    <file name="schema.ts" path="C:\Users\rajes\OneDrive\Desktop\prompt wars\backend\src\schema.ts">
      <metrics statements="4" coveredstatements="4" conditionals="0" coveredconditionals="0" methods="0" coveredmethods="0"/>
      <line num="1" count="2" type="stmt"/>
      <line num="3" count="2" type="stmt"/>
      <line num="44" count="2" type="stmt"/>
      <line num="48" count="2" type="stmt"/>
    </file>
    <file name="stateStore.ts" path="C:\Users\rajes\OneDrive\Desktop\prompt wars\backend\src\stateStore.ts">
      <metrics statements="36" coveredstatements="36" conditionals="5" coveredconditionals="5" methods="5" coveredmethods="5"/>
      <line num="8" count="2" type="stmt"/>
      <line num="9" count="2" type="stmt"/>
      <line num="10" count="2" type="stmt"/>
      <line num="11" count="2" type="stmt"/>
      <line num="18" count="2" type="stmt"/>
      <line num="21" count="2" type="stmt"/>
      <line num="27" count="2" type="stmt"/>
      <line num="41" count="2" type="stmt"/>
      <line num="46" count="3" type="stmt"/>
      <line num="59" count="24" type="cond" truecount="1" falsecount="0"/>
      <line num="60" count="4" type="stmt"/>
      <line num="62" count="20" type="stmt"/>
      <line num="65" count="20" type="cond" truecount="1" falsecount="0"/>
      <line num="66" count="1" type="stmt"/>
      <line num="68" count="19" type="stmt"/>
      <line num="79" count="4" type="stmt"/>
      <line num="81" count="3" type="stmt"/>
      <line num="82" count="3" type="stmt"/>
      <line num="83" count="3" type="stmt"/>
      <line num="85" count="3" type="cond" truecount="1" falsecount="0"/>
      <line num="86" count="1" type="stmt"/>
      <line num="89" count="2" type="stmt"/>
      <line num="99" count="10" type="stmt"/>
      <line num="101" count="6" type="stmt"/>
      <line num="102" count="6" type="stmt"/>
      <line num="103" count="2" type="stmt"/>
      <line num="104" count="2" type="stmt"/>
      <line num="106" count="4" type="cond" truecount="1" falsecount="0"/>
      <line num="107" count="3" type="stmt"/>
      <line num="109" count="1" type="stmt"/>
      <line num="120" count="11" type="stmt"/>
      <line num="121" count="10" type="stmt"/>
      <line num="122" count="10" type="stmt"/>
      <line num="124" count="8" type="cond" truecount="1" falsecount="0"/>
      <line num="125" count="1" type="stmt"/>
      <line num="132" count="2" type="stmt"/>
    </file>
  </project>
</coverage>
