{"C:\\Users\\rajes\\OneDrive\\Desktop\\prompt wars\\backend\\src\\calculator.ts": {"path":"C:\\Users\\rajes\\OneDrive\\Desktop\\prompt wars\\backend\\src\\calculator.ts","statementMap":{"0":{"start":{"line":83,"column":0},"end":{"line":83,"column":16}},"1":{"start":{"line":30,"column":24},"end":{"line":35,"column":2}},"2":{"start":{"line":38,"column":23},"end":{"line":41,"column":2}},"3":{"start":{"line":44,"column":21},"end":{"line":50,"column":2}},"4":{"start":{"line":58,"column":81},"end":{"line":62,"column":2}},"5":{"start":{"line":65,"column":28},"end":{"line":68,"column":2}},"6":{"start":{"line":70,"column":24},"end":{"line":73,"column":2}},"7":{"start":{"line":85,"column":24},"end":{"line":85,"column":43}},"8":{"start":{"line":86,"column":25},"end":{"line":86,"column":44}},"9":{"start":{"line":87,"column":27},"end":{"line":87,"column":78}},"10":{"start":{"line":89,"column":29},"end":{"line":89,"column":78}},"11":{"start":{"line":90,"column":28},"end":{"line":90,"column":75}},"12":{"start":{"line":91,"column":27},"end":{"line":91,"column":65}},"13":{"start":{"line":92,"column":25},"end":{"line":92,"column":60}},"14":{"start":{"line":95,"column":20},"end":{"line":95,"column":54}},"15":{"start":{"line":98,"column":16},"end":{"line":98,"column":47}},"16":{"start":{"line":99,"column":31},"end":{"line":99,"column":89}},"17":{"start":{"line":100,"column":27},"end":{"line":100,"column":77}},"18":{"start":{"line":101,"column":22},"end":{"line":101,"column":61}},"19":{"start":{"line":104,"column":16},"end":{"line":104,"column":81}},"20":{"start":{"line":107,"column":54},"end":{"line":107,"column":56}},"21":{"start":{"line":110,"column":2},"end":{"line":160,"column":3}},"22":{"start":{"line":112,"column":27},"end":{"line":112,"column":91}},"23":{"start":{"line":113,"column":4},"end":{"line":119,"column":7}},"24":{"start":{"line":122,"column":22},"end":{"line":122,"column":81}},"25":{"start":{"line":123,"column":4},"end":{"line":129,"column":7}},"26":{"start":{"line":132,"column":4},"end":{"line":141,"column":5}},"27":{"start":{"line":133,"column":26},"end":{"line":133,"column":62}},"28":{"start":{"line":134,"column":6},"end":{"line":140,"column":9}},"29":{"start":{"line":142,"column":9},"end":{"line":160,"column":3}},"30":{"start":{"line":143,"column":24},"end":{"line":143,"column":59}},"31":{"start":{"line":144,"column":4},"end":{"line":150,"column":7}},"32":{"start":{"line":151,"column":9},"end":{"line":160,"column":3}},"33":{"start":{"line":152,"column":24},"end":{"line":152,"column":64}},"34":{"start":{"line":153,"column":4},"end":{"line":159,"column":7}},"35":{"start":{"line":163,"column":2},"end":{"line":172,"column":3}},"36":{"start":{"line":164,"column":26},"end":{"line":164,"column":50}},"37":{"start":{"line":165,"column":4},"end":{"line":171,"column":7}},"38":{"start":{"line":173,"column":2},"end":{"line":182,"column":3}},"39":{"start":{"line":174,"column":26},"end":{"line":174,"column":49}},"40":{"start":{"line":175,"column":4},"end":{"line":181,"column":7}},"41":{"start":{"line":185,"column":2},"end":{"line":245,"column":3}},"42":{"start":{"line":186,"column":24},"end":{"line":186,"column":69}},"43":{"start":{"line":187,"column":4},"end":{"line":193,"column":7}},"44":{"start":{"line":194,"column":23},"end":{"line":194,"column":67}},"45":{"start":{"line":195,"column":4},"end":{"line":201,"column":7}},"46":{"start":{"line":202,"column":9},"end":{"line":245,"column":3}},"47":{"start":{"line":203,"column":23},"end":{"line":203,"column":69}},"48":{"start":{"line":204,"column":4},"end":{"line":210,"column":7}},"49":{"start":{"line":211,"column":25},"end":{"line":211,"column":66}},"50":{"start":{"line":212,"column":4},"end":{"line":218,"column":7}},"51":{"start":{"line":219,"column":9},"end":{"line":245,"column":3}},"52":{"start":{"line":220,"column":23},"end":{"line":220,"column":73}},"53":{"start":{"line":221,"column":4},"end":{"line":227,"column":7}},"54":{"start":{"line":228,"column":25},"end":{"line":228,"column":70}},"55":{"start":{"line":229,"column":4},"end":{"line":235,"column":7}},"56":{"start":{"line":236,"column":9},"end":{"line":245,"column":3}},"57":{"start":{"line":237,"column":25},"end":{"line":237,"column":69}},"58":{"start":{"line":238,"column":4},"end":{"line":244,"column":7}},"59":{"start":{"line":248,"column":2},"end":{"line":258,"column":3}},"60":{"start":{"line":249,"column":25},"end":{"line":250,"column":89}},"61":{"start":{"line":251,"column":4},"end":{"line":257,"column":7}},"62":{"start":{"line":261,"column":2},"end":{"line":261,"column":51}},"63":{"start":{"line":261,"column":28},"end":{"line":261,"column":49}},"64":{"start":{"line":263,"column":2},"end":{"line":281,"column":4}}},"fnMap":{"0":{"name":"calculateCarbonFootprint","decl":{"start":{"line":83,"column":16},"end":{"line":83,"column":40}},"loc":{"start":{"line":83,"column":70},"end":{"line":282,"column":1}}},"1":{"name":"(anonymous_1)","decl":{"start":{"line":261,"column":18},"end":{"line":261,"column":19}},"loc":{"start":{"line":261,"column":28},"end":{"line":261,"column":49}}}},"branchMap":{"0":{"loc":{"start":{"line":110,"column":2},"end":{"line":160,"column":3}},"type":"if","locations":[{"start":{"line":110,"column":2},"end":{"line":160,"column":3}},{"start":{"line":142,"column":9},"end":{"line":160,"column":3}}]},"1":{"loc":{"start":{"line":110,"column":6},"end":{"line":110,"column":54}},"type":"binary-expr","locations":[{"start":{"line":110,"column":6},"end":{"line":110,"column":33}},{"start":{"line":110,"column":37},"end":{"line":110,"column":54}}]},"2":{"loc":{"start":{"line":132,"column":4},"end":{"line":141,"column":5}},"type":"if","locations":[{"start":{"line":132,"column":4},"end":{"line":141,"column":5}}]},"3":{"loc":{"start":{"line":142,"column":9},"end":{"line":160,"column":3}},"type":"if","locations":[{"start":{"line":142,"column":9},"end":{"line":160,"column":3}},{"start":{"line":151,"column":9},"end":{"line":160,"column":3}}]},"4":{"loc":{"start":{"line":142,"column":13},"end":{"line":142,"column":83}},"type":"binary-expr","locations":[{"start":{"line":142,"column":13},"end":{"line":142,"column":39}},{"start":{"line":142,"column":43},"end":{"line":142,"column":60}},{"start":{"line":142,"column":64},"end":{"line":142,"column":83}}]},"5":{"loc":{"start":{"line":151,"column":9},"end":{"line":160,"column":3}},"type":"if","locations":[{"start":{"line":151,"column":9},"end":{"line":160,"column":3}}]},"6":{"loc":{"start":{"line":151,"column":13},"end":{"line":151,"column":88}},"type":"binary-expr","locations":[{"start":{"line":151,"column":13},"end":{"line":151,"column":44}},{"start":{"line":151,"column":48},"end":{"line":151,"column":65}},{"start":{"line":151,"column":69},"end":{"line":151,"column":88}}]},"7":{"loc":{"start":{"line":163,"column":2},"end":{"line":172,"column":3}},"type":"if","locations":[{"start":{"line":163,"column":2},"end":{"line":172,"column":3}}]},"8":{"loc":{"start":{"line":173,"column":2},"end":{"line":182,"column":3}},"type":"if","locations":[{"start":{"line":173,"column":2},"end":{"line":182,"column":3}}]},"9":{"loc":{"start":{"line":185,"column":2},"end":{"line":245,"column":3}},"type":"if","locations":[{"start":{"line":185,"column":2},"end":{"line":245,"column":3}},{"start":{"line":202,"column":9},"end":{"line":245,"column":3}}]},"10":{"loc":{"start":{"line":202,"column":9},"end":{"line":245,"column":3}},"type":"if","locations":[{"start":{"line":202,"column":9},"end":{"line":245,"column":3}},{"start":{"line":219,"column":9},"end":{"line":245,"column":3}}]},"11":{"loc":{"start":{"line":219,"column":9},"end":{"line":245,"column":3}},"type":"if","locations":[{"start":{"line":219,"column":9},"end":{"line":245,"column":3}},{"start":{"line":236,"column":9},"end":{"line":245,"column":3}}]},"12":{"loc":{"start":{"line":236,"column":9},"end":{"line":245,"column":3}},"type":"if","locations":[{"start":{"line":236,"column":9},"end":{"line":245,"column":3}}]},"13":{"loc":{"start":{"line":248,"column":2},"end":{"line":258,"column":3}},"type":"if","locations":[{"start":{"line":248,"column":2},"end":{"line":258,"column":3}}]}},"s":{"0":3,"1":3,"2":3,"3":3,"4":3,"5":3,"6":3,"7":21,"8":21,"9":21,"10":21,"11":21,"12":21,"13":21,"14":21,"15":21,"16":21,"17":21,"18":21,"19":21,"20":21,"21":21,"22":7,"23":7,"24":7,"25":7,"26":7,"27":0,"28":0,"29":14,"30":1,"31":1,"32":13,"33":1,"34":1,"35":21,"36":11,"37":11,"38":21,"39":8,"40":8,"41":21,"42":2,"43":2,"44":2,"45":2,"46":19,"47":9,"48":9,"49":9,"50":9,"51":10,"52":3,"53":3,"54":3,"55":3,"56":7,"57":6,"58":6,"59":21,"60":18,"61":18,"62":21,"63":123,"64":21},"f":{"0":21,"1":123},"b":{"0":[7,14],"1":[21,8],"2":[0],"3":[1,13],"4":[14,3,3],"5":[1],"6":[13,5,5],"7":[11],"8":[8],"9":[2,19],"10":[9,10],"11":[3,7],"12":[6],"13":[18]}}
,"C:\\Users\\rajes\\OneDrive\\Desktop\\prompt wars\\backend\\src\\carbonEngine.ts": {"path":"C:\\Users\\rajes\\OneDrive\\Desktop\\prompt wars\\backend\\src\\carbonEngine.ts","statementMap":{"0":{"start":{"line":9,"column":0},"end":{"line":9,"column":75}},"1":{"start":{"line":45,"column":49},"end":{"line":45,"column":53}},"2":{"start":{"line":53,"column":4},"end":{"line":53,"column":54}},"3":{"start":{"line":54,"column":4},"end":{"line":54,"column":27}},"4":{"start":{"line":61,"column":4},"end":{"line":61,"column":27}},"5":{"start":{"line":68,"column":4},"end":{"line":68,"column":37}},"6":{"start":{"line":44,"column":0},"end":{"line":44,"column":13}},"7":{"start":{"line":81,"column":31},"end":{"line":99,"column":11}},"8":{"start":{"line":109,"column":4},"end":{"line":109,"column":33}},"9":{"start":{"line":124,"column":22},"end":{"line":124,"column":36}},"10":{"start":{"line":127,"column":21},"end":{"line":127,"column":67}},"11":{"start":{"line":130,"column":4},"end":{"line":132,"column":5}},"12":{"start":{"line":131,"column":6},"end":{"line":131,"column":26}},"13":{"start":{"line":133,"column":4},"end":{"line":135,"column":5}},"14":{"start":{"line":134,"column":6},"end":{"line":134,"column":65}},"15":{"start":{"line":138,"column":27},"end":{"line":139,"column":null}},"16":{"start":{"line":143,"column":21},"end":{"line":143,"column":22}},"17":{"start":{"line":144,"column":4},"end":{"line":146,"column":5}},"18":{"start":{"line":144,"column":17},"end":{"line":144,"column":18}},"19":{"start":{"line":145,"column":6},"end":{"line":145,"column":60}},"20":{"start":{"line":147,"column":29},"end":{"line":147,"column":71}},"21":{"start":{"line":149,"column":28},"end":{"line":150,"column":null}},"22":{"start":{"line":153,"column":24},"end":{"line":154,"column":null}},"23":{"start":{"line":157,"column":4},"end":{"line":163,"column":6}},"24":{"start":{"line":173,"column":23},"end":{"line":173,"column":53}},"25":{"start":{"line":174,"column":23},"end":{"line":174,"column":59}},"26":{"start":{"line":175,"column":23},"end":{"line":175,"column":59}},"27":{"start":{"line":176,"column":23},"end":{"line":176,"column":60}},"28":{"start":{"line":178,"column":23},"end":{"line":178,"column":76}},"29":{"start":{"line":179,"column":23},"end":{"line":179,"column":56}},"30":{"start":{"line":182,"column":6},"end":{"line":186,"column":66}},"31":{"start":{"line":188,"column":4},"end":{"line":188,"column":78}},"32":{"start":{"line":105,"column":0},"end":{"line":105,"column":13}},"33":{"start":{"line":193,"column":13},"end":{"line":193,"column":55}},"34":{"start":{"line":194,"column":13},"end":{"line":194,"column":70}}},"fnMap":{"0":{"name":"(anonymous_0)","decl":{"start":{"line":52,"column":9},"end":{"line":52,"column":16}},"loc":{"start":{"line":52,"column":46},"end":{"line":55,"column":3}}},"1":{"name":"(anonymous_1)","decl":{"start":{"line":60,"column":9},"end":{"line":60,"column":22}},"loc":{"start":{"line":60,"column":22},"end":{"line":62,"column":3}}},"2":{"name":"(anonymous_2)","decl":{"start":{"line":67,"column":9},"end":{"line":67,"column":21}},"loc":{"start":{"line":67,"column":51},"end":{"line":69,"column":3}}},"3":{"name":"(anonymous_3)","decl":{"start":{"line":108,"column":2},"end":{"line":108,"column":14}},"loc":{"start":{"line":108,"column":42},"end":{"line":110,"column":3}}},"4":{"name":"(anonymous_4)","decl":{"start":{"line":119,"column":10},"end":{"line":119,"column":21}},"loc":{"start":{"line":122,"column":22},"end":{"line":164,"column":3}}},"5":{"name":"(anonymous_5)","decl":{"start":{"line":172,"column":9},"end":{"line":172,"column":16}},"loc":{"start":{"line":172,"column":46},"end":{"line":189,"column":3}}}},"branchMap":{"0":{"loc":{"start":{"line":130,"column":4},"end":{"line":132,"column":5}},"type":"if","locations":[{"start":{"line":130,"column":4},"end":{"line":132,"column":5}}]},"1":{"loc":{"start":{"line":133,"column":4},"end":{"line":135,"column":5}},"type":"if","locations":[{"start":{"line":133,"column":4},"end":{"line":135,"column":5}}]},"2":{"loc":{"start":{"line":178,"column":23},"end":{"line":178,"column":76}},"type":"cond-expr","locations":[{"start":{"line":178,"column":53},"end":{"line":178,"column":63}},{"start":{"line":178,"column":66},"end":{"line":178,"column":76}}]}},"s":{"0":2,"1":6,"2":8,"3":8,"4":2,"5":2,"6":2,"7":2,"8":6,"9":12,"10":12,"11":12,"12":3,"13":12,"14":3,"15":12,"16":12,"17":12,"18":12,"19":64,"20":12,"21":12,"22":12,"23":12,"24":5,"25":5,"26":5,"27":5,"28":5,"29":5,"30":5,"31":5,"32":2,"33":2,"34":2},"f":{"0":8,"1":2,"2":2,"3":6,"4":12,"5":5},"b":{"0":[3],"1":[3],"2":[4,1]}}
,"C:\\Users\\rajes\\OneDrive\\Desktop\\prompt wars\\backend\\src\\schema.ts": {"path":"C:\\Users\\rajes\\OneDrive\\Desktop\\prompt wars\\backend\\src\\schema.ts","statementMap":{"0":{"start":{"line":1,"column":0},"end":{"line":1,"column":24}},"1":{"start":{"line":3,"column":13},"end":{"line":39,"column":3}},"2":{"start":{"line":44,"column":13},"end":{"line":44,"column":63}},"3":{"start":{"line":48,"column":13},"end":{"line":52,"column":3}}},"fnMap":{},"branchMap":{},"s":{"0":2,"1":2,"2":2,"3":2},"f":{},"b":{}}
,"C:\\Users\\rajes\\OneDrive\\Desktop\\prompt wars\\backend\\src\\stateStore.ts": {"path":"C:\\Users\\rajes\\OneDrive\\Desktop\\prompt wars\\backend\\src\\stateStore.ts","statementMap":{"0":{"start":{"line":8,"column":0},"end":{"line":8,"column":36}},"1":{"start":{"line":9,"column":0},"end":{"line":9,"column":24}},"2":{"start":{"line":10,"column":0},"end":{"line":10,"column":24}},"3":{"start":{"line":11,"column":0},"end":{"line":11,"column":51}},"4":{"start":{"line":18,"column":17},"end":{"line":18,"column":52}},"5":{"start":{"line":21,"column":23},"end":{"line":21,"column":32}},"6":{"start":{"line":27,"column":30},"end":{"line":33,"column":2}},"7":{"start":{"line":46,"column":4},"end":{"line":46,"column":50}},"8":{"start":{"line":59,"column":4},"end":{"line":61,"column":5}},"9":{"start":{"line":60,"column":6},"end":{"line":60,"column":50}},"10":{"start":{"line":62,"column":21},"end":{"line":62,"column":64}},"11":{"start":{"line":65,"column":4},"end":{"line":67,"column":5}},"12":{"start":{"line":66,"column":6},"end":{"line":66,"column":49}},"13":{"start":{"line":68,"column":4},"end":{"line":68,"column":20}},"14":{"start":{"line":79,"column":4},"end":{"line":79,"column":37}},"15":{"start":{"line":81,"column":4},"end":{"line":81,"column":27}},"16":{"start":{"line":82,"column":21},"end":{"line":82,"column":52}},"17":{"start":{"line":83,"column":21},"end":{"line":83,"column":49}},"18":{"start":{"line":85,"column":4},"end":{"line":87,"column":5}},"19":{"start":{"line":86,"column":6},"end":{"line":86,"column":69}},"20":{"start":{"line":89,"column":4},"end":{"line":89,"column":64}},"21":{"start":{"line":99,"column":21},"end":{"line":99,"column":48}},"22":{"start":{"line":101,"column":4},"end":{"line":110,"column":5}},"23":{"start":{"line":102,"column":19},"end":{"line":102,"column":68}},"24":{"start":{"line":103,"column":19},"end":{"line":103,"column":34}},"25":{"start":{"line":104,"column":6},"end":{"line":104,"column":47}},"26":{"start":{"line":106,"column":6},"end":{"line":108,"column":7}},"27":{"start":{"line":107,"column":8},"end":{"line":107,"column":20}},"28":{"start":{"line":109,"column":6},"end":{"line":109,"column":16}},"29":{"start":{"line":120,"column":21},"end":{"line":120,"column":48}},"30":{"start":{"line":121,"column":4},"end":{"line":127,"column":5}},"31":{"start":{"line":122,"column":6},"end":{"line":122,"column":32}},"32":{"start":{"line":124,"column":6},"end":{"line":126,"column":7}},"33":{"start":{"line":125,"column":8},"end":{"line":125,"column":18}},"34":{"start":{"line":41,"column":0},"end":{"line":41,"column":13}},"35":{"start":{"line":132,"column":13},"end":{"line":132,"column":47}}},"fnMap":{"0":{"name":"(anonymous_1)","decl":{"start":{"line":45,"column":10},"end":{"line":45,"column":15}},"loc":{"start":{"line":45,"column":25},"end":{"line":47,"column":3}}},"1":{"name":"(anonymous_2)","decl":{"start":{"line":57,"column":10},"end":{"line":57,"column":21}},"loc":{"start":{"line":57,"column":39},"end":{"line":69,"column":3}}},"2":{"name":"(anonymous_3)","decl":{"start":{"line":77,"column":9},"end":{"line":77,"column":14}},"loc":{"start":{"line":77,"column":40},"end":{"line":90,"column":3}}},"3":{"name":"(anonymous_4)","decl":{"start":{"line":98,"column":9},"end":{"line":98,"column":14}},"loc":{"start":{"line":98,"column":37},"end":{"line":111,"column":3}}},"4":{"name":"(anonymous_5)","decl":{"start":{"line":119,"column":9},"end":{"line":119,"column":14}},"loc":{"start":{"line":119,"column":39},"end":{"line":128,"column":3}}}},"branchMap":{"0":{"loc":{"start":{"line":59,"column":4},"end":{"line":61,"column":5}},"type":"if","locations":[{"start":{"line":59,"column":4},"end":{"line":61,"column":5}}]},"1":{"loc":{"start":{"line":65,"column":4},"end":{"line":67,"column":5}},"type":"if","locations":[{"start":{"line":65,"column":4},"end":{"line":67,"column":5}}]},"2":{"loc":{"start":{"line":85,"column":4},"end":{"line":87,"column":5}},"type":"if","locations":[{"start":{"line":85,"column":4},"end":{"line":87,"column":5}}]},"3":{"loc":{"start":{"line":106,"column":6},"end":{"line":108,"column":7}},"type":"if","locations":[{"start":{"line":106,"column":6},"end":{"line":108,"column":7}}]},"4":{"loc":{"start":{"line":124,"column":6},"end":{"line":126,"column":7}},"type":"if","locations":[{"start":{"line":124,"column":6},"end":{"line":126,"column":7}}]}},"s":{"0":2,"1":2,"2":2,"3":2,"4":2,"5":2,"6":2,"7":3,"8":24,"9":4,"10":20,"11":20,"12":1,"13":19,"14":4,"15":3,"16":3,"17":3,"18":3,"19":1,"20":2,"21":10,"22":6,"23":6,"24":2,"25":2,"26":4,"27":3,"28":1,"29":11,"30":10,"31":10,"32":8,"33":1,"34":2,"35":2},"f":{"0":3,"1":24,"2":4,"3":10,"4":11},"b":{"0":[4],"1":[1],"2":[1],"3":[3],"4":[1]}}
}
