TN:
SF:src\calculator.ts
FN:83,calculateCarbonFootprint
FN:261,(anonymous_1)
FNF:2
FNH:2
FNDA:21,calculateCarbonFootprint
FNDA:123,(anonymous_1)
DA:30,3
DA:38,3
DA:44,3
DA:58,3
DA:65,3
DA:70,3
DA:83,3
DA:85,21
DA:86,21
DA:87,21
DA:89,21
DA:90,21
DA:91,21
DA:92,21
DA:95,21
DA:98,21
DA:99,21
DA:100,21
DA:101,21
DA:104,21
DA:107,21
DA:110,21
DA:112,7
DA:113,7
DA:122,7
DA:123,7
DA:132,7
DA:133,0
DA:134,0
DA:142,14
DA:143,1
DA:144,1
DA:151,13
DA:152,1
DA:153,1
DA:163,21
DA:164,11
DA:165,11
DA:173,21
DA:174,8
DA:175,8
DA:185,21
DA:186,2
DA:187,2
DA:194,2
DA:195,2
DA:202,19
DA:203,9
DA:204,9
DA:211,9
DA:212,9
DA:219,10
DA:220,3
DA:221,3
DA:228,3
DA:229,3
DA:236,7
DA:237,6
DA:238,6
DA:248,21
DA:249,18
DA:251,18
DA:261,123
DA:263,21
LF:64
LH:62
BRDA:110,0,0,7
BRDA:110,0,1,14
BRDA:110,1,0,21
BRDA:110,1,1,8
BRDA:132,2,0,0
BRDA:142,3,0,1
BRDA:142,3,1,13
BRDA:142,4,0,14
BRDA:142,4,1,3
BRDA:142,4,2,3
BRDA:151,5,0,1
BRDA:151,6,0,13
BRDA:151,6,1,5
BRDA:151,6,2,5
BRDA:163,7,0,11
BRDA:173,8,0,8
BRDA:185,9,0,2
BRDA:185,9,1,19
BRDA:202,10,0,9
BRDA:202,10,1,10
BRDA:219,11,0,3
BRDA:219,11,1,7
BRDA:236,12,0,6
BRDA:248,13,0,18
BRF:24
BRH:23
end_of_record
TN:
SF:src\carbonEngine.ts
FN:52,(anonymous_0)
FN:60,(anonymous_1)
FN:67,(anonymous_2)
FN:108,(anonymous_3)
FN:119,(anonymous_4)
FN:172,(anonymous_5)
FNF:6
FNH:6
FNDA:8,(anonymous_0)
FNDA:2,(anonymous_1)
FNDA:2,(anonymous_2)
FNDA:6,(anonymous_3)
FNDA:12,(anonymous_4)
FNDA:5,(anonymous_5)
DA:9,2
DA:44,2
DA:45,6
DA:53,8
DA:54,8
DA:61,2
DA:68,2
DA:81,2
DA:105,2
DA:109,6
DA:124,12
DA:127,12
DA:130,12
DA:131,3
DA:133,12
DA:134,3
DA:138,12
DA:143,12
DA:144,12
DA:145,64
DA:147,12
DA:149,12
DA:153,12
DA:157,12
DA:173,5
DA:174,5
DA:175,5
DA:176,5
DA:178,5
DA:179,5
DA:182,5
DA:188,5
DA:193,2
DA:194,2
LF:34
LH:34
BRDA:130,0,0,3
BRDA:133,1,0,3
BRDA:178,2,0,4
BRDA:178,2,1,1
BRF:4
BRH:4
end_of_record
TN:
SF:src\schema.ts
FNF:0
FNH:0
DA:1,2
DA:3,2
DA:44,2
DA:48,2
LF:4
LH:4
BRF:0
BRH:0
end_of_record
TN:
SF:src\stateStore.ts
FN:45,(anonymous_1)
FN:57,(anonymous_2)
FN:77,(anonymous_3)
FN:98,(anonymous_4)
FN:119,(anonymous_5)
FNF:5
FNH:5
FNDA:3,(anonymous_1)
FNDA:24,(anonymous_2)
FNDA:4,(anonymous_3)
FNDA:10,(anonymous_4)
FNDA:11,(anonymous_5)
DA:8,2
DA:9,2
DA:10,2
DA:11,2
DA:18,2
DA:21,2
DA:27,2
DA:41,2
DA:46,3
DA:59,24
DA:60,4
DA:62,20
DA:65,20
DA:66,1
DA:68,19
DA:79,4
DA:81,3
DA:82,3
DA:83,3
DA:85,3
DA:86,1
DA:89,2
DA:99,10
DA:101,6
DA:102,6
DA:103,2
DA:104,2
DA:106,4
DA:107,3
DA:109,1
DA:120,11
DA:121,10
DA:122,10
DA:124,8
DA:125,1
DA:132,2
LF:36
LH:36
BRDA:59,0,0,4
BRDA:65,1,0,1
BRDA:85,2,0,1
BRDA:106,3,0,3
BRDA:124,4,0,1
BRF:5
BRH:5
end_of_record
